# JRE version: OpenJDK Runtime Environment (8.0_242-b01) (build 1.8.0_242-release-1644-b01)
# Java VM: OpenJDK 64-Bit Server VM (25.242-b01 mixed mode windows-amd64 compressed oops)
Heap:
 PSYoungGen      total 98304K, used 72823K [0x00000000eb400000, 0x00000000f3000000, 0x0000000100000000)
  eden space 80896K, 68% used [0x00000000eb400000,0x00000000eea22498,0x00000000f0300000)
  from space 17408K, 99% used [0x00000000f1780000,0x00000000f287b828,0x00000000f2880000)
  to   space 20992K, 0% used [0x00000000f0300000,0x00000000f0300000,0x00000000f1780000)
 ParOldGen       total 70656K, used 23579K [0x00000000c1c00000, 0x00000000c6100000, 0x00000000eb400000)
  object space 70656K, 33% used [0x00000000c1c00000,0x00000000c3306c48,0x00000000c6100000)
 Metaspace       used 49700K, capacity 50644K, committed 50856K, reserved 1093632K
  class space    used 6229K, capacity 6479K, committed 6576K, reserved 1048576K
GC Heap History (10 events):
Event: 5.217 GC heap before
{Heap before GC invocations=8 (full 1):
 PSYoungGen      total 55296K, used 55289K [0x00000000eb400000, 0x00000000f0300000, 0x0000000100000000)
  eden space 48640K, 100% used [0x00000000eb400000,0x00000000ee380000,0x00000000ee380000)
  from space 6656K, 99% used [0x00000000efc80000,0x00000000f02fe558,0x00000000f0300000)
  to   space 8704K, 0% used [0x00000000ef200000,0x00000000ef200000,0x00000000efa80000)
 ParOldGen       total 40448K, used 9385K [0x00000000c1c00000, 0x00000000c4380000, 0x00000000eb400000)
  object space 40448K, 23% used [0x00000000c1c00000,0x00000000c252a4f0,0x00000000c4380000)
 Metaspace       used 30160K, capacity 30634K, committed 30768K, reserved 1077248K
  class space    used 3679K, capacity 3830K, committed 3888K, reserved 1048576K
Event: 5.229 GC heap after
Heap after GC invocations=8 (full 1):
 PSYoungGen      total 72192K, used 8675K [0x00000000eb400000, 0x00000000f1580000, 0x0000000100000000)
  eden space 63488K, 0% used [0x00000000eb400000,0x00000000eb400000,0x00000000ef200000)
  from space 8704K, 99% used [0x00000000ef200000,0x00000000efa78c70,0x00000000efa80000)
  to   space 14848K, 0% used [0x00000000f0700000,0x00000000f0700000,0x00000000f1580000)
 ParOldGen       total 40448K, used 19437K [0x00000000c1c00000, 0x00000000c4380000, 0x00000000eb400000)
  object space 40448K, 48% used [0x00000000c1c00000,0x00000000c2efb7c8,0x00000000c4380000)
 Metaspace       used 30160K, capacity 30634K, committed 30768K, reserved 1077248K
  class space    used 3679K, capacity 3830K, committed 3888K, reserved 1048576K
}
Event: 6.858 GC heap before
{Heap before GC invocations=9 (full 1):
 PSYoungGen      total 72192K, used 32059K [0x00000000eb400000, 0x00000000f1580000, 0x0000000100000000)
  eden space 63488K, 36% used [0x00000000eb400000,0x00000000ecad6318,0x00000000ef200000)
  from space 8704K, 99% used [0x00000000ef200000,0x00000000efa78c70,0x00000000efa80000)
  to   space 14848K, 0% used [0x00000000f0700000,0x00000000f0700000,0x00000000f1580000)
 ParOldGen       total 40448K, used 19437K [0x00000000c1c00000, 0x00000000c4380000, 0x00000000eb400000)
  object space 40448K, 48% used [0x00000000c1c00000,0x00000000c2efb7c8,0x00000000c4380000)
 Metaspace       used 34677K, capacity 35162K, committed 35496K, reserved 1081344K
  class space    used 4396K, capacity 4518K, committed 4528K, reserved 1048576K
Event: 6.868 GC heap after
Heap after GC invocations=9 (full 1):
 PSYoungGen      total 82944K, used 14483K [0x00000000eb400000, 0x00000000f2c00000, 0x0000000100000000)
  eden space 68096K, 0% used [0x00000000eb400000,0x00000000eb400000,0x00000000ef680000)
  from space 14848K, 97% used [0x00000000f0700000,0x00000000f1524d30,0x00000000f1580000)
  to   space 16896K, 0% used [0x00000000ef680000,0x00000000ef680000,0x00000000f0700000)
 ParOldGen       total 40448K, used 19445K [0x00000000c1c00000, 0x00000000c4380000, 0x00000000eb400000)
  object space 40448K, 48% used [0x00000000c1c00000,0x00000000c2efd7c8,0x00000000c4380000)
 Metaspace       used 34677K, capacity 35162K, committed 35496K, reserved 1081344K
  class space    used 4396K, capacity 4518K, committed 4528K, reserved 1048576K
}
Event: 6.868 GC heap before
{Heap before GC invocations=10 (full 2):
 PSYoungGen      total 82944K, used 14483K [0x00000000eb400000, 0x00000000f2c00000, 0x0000000100000000)
  eden space 68096K, 0% used [0x00000000eb400000,0x00000000eb400000,0x00000000ef680000)
  from space 14848K, 97% used [0x00000000f0700000,0x00000000f1524d30,0x00000000f1580000)
  to   space 16896K, 0% used [0x00000000ef680000,0x00000000ef680000,0x00000000f0700000)
 ParOldGen       total 40448K, used 19445K [0x00000000c1c00000, 0x00000000c4380000, 0x00000000eb400000)
  object space 40448K, 48% used [0x00000000c1c00000,0x00000000c2efd7c8,0x00000000c4380000)
 Metaspace       used 34677K, capacity 35162K, committed 35496K, reserved 1081344K
  class space    used 4396K, capacity 4518K, committed 4528K, reserved 1048576K
Event: 6.922 GC heap after
Heap after GC invocations=10 (full 2):
 PSYoungGen      total 82944K, used 0K [0x00000000eb400000, 0x00000000f2c00000, 0x0000000100000000)
  eden space 68096K, 0% used [0x00000000eb400000,0x00000000eb400000,0x00000000ef680000)
  from space 14848K, 0% used [0x00000000f0700000,0x00000000f0700000,0x00000000f1580000)
  to   space 16896K, 0% used [0x00000000ef680000,0x00000000ef680000,0x00000000f0700000)
 ParOldGen       total 70656K, used 21261K [0x00000000c1c00000, 0x00000000c6100000, 0x00000000eb400000)
  object space 70656K, 30% used [0x00000000c1c00000,0x00000000c30c3578,0x00000000c6100000)
 Metaspace       used 34677K, capacity 35162K, committed 35496K, reserved 1081344K
  class space    used 4396K, capacity 4518K, committed 4528K, reserved 1048576K
}
Event: 8.728 GC heap before
{Heap before GC invocations=11 (full 2):
 PSYoungGen      total 82944K, used 68096K [0x00000000eb400000, 0x00000000f2c00000, 0x0000000100000000)
  eden space 68096K, 100% used [0x00000000eb400000,0x00000000ef680000,0x00000000ef680000)
  from space 14848K, 0% used [0x00000000f0700000,0x00000000f0700000,0x00000000f1580000)
  to   space 16896K, 0% used [0x00000000ef680000,0x00000000ef680000,0x00000000f0700000)
 ParOldGen       total 70656K, used 21261K [0x00000000c1c00000, 0x00000000c6100000, 0x00000000eb400000)
  object space 70656K, 30% used [0x00000000c1c00000,0x00000000c30c3578,0x00000000c6100000)
 Metaspace       used 39106K, capacity 39690K, committed 39976K, reserved 1083392K
  class space    used 4908K, capacity 5068K, committed 5168K, reserved 1048576K
Event: 8.738 GC heap after
Heap after GC invocations=11 (full 2):
 PSYoungGen      total 84992K, used 12651K [0x00000000eb400000, 0x00000000f2880000, 0x0000000100000000)
  eden space 68096K, 0% used [0x00000000eb400000,0x00000000eb400000,0x00000000ef680000)
  from space 16896K, 74% used [0x00000000ef680000,0x00000000f02daf58,0x00000000f0700000)
  to   space 17408K, 0% used [0x00000000f1780000,0x00000000f1780000,0x00000000f2880000)
 ParOldGen       total 70656K, used 21269K [0x00000000c1c00000, 0x00000000c6100000, 0x00000000eb400000)
  object space 70656K, 30% used [0x00000000c1c00000,0x00000000c30c5578,0x00000000c6100000)
 Metaspace       used 39106K, capacity 39690K, committed 39976K, reserved 1083392K
  class space    used 4908K, capacity 5068K, committed 5168K, reserved 1048576K
}
Event: 10.795 GC heap before
{Heap before GC invocations=12 (full 2):
 PSYoungGen      total 84992K, used 80747K [0x00000000eb400000, 0x00000000f2880000, 0x0000000100000000)
  eden space 68096K, 100% used [0x00000000eb400000,0x00000000ef680000,0x00000000ef680000)
  from space 16896K, 74% used [0x00000000ef680000,0x00000000f02daf58,0x00000000f0700000)
  to   space 17408K, 0% used [0x00000000f1780000,0x00000000f1780000,0x00000000f2880000)
 ParOldGen       total 70656K, used 21269K [0x00000000c1c00000, 0x00000000c6100000, 0x00000000eb400000)
  object space 70656K, 30% used [0x00000000c1c00000,0x00000000c30c5578,0x00000000c6100000)
 Metaspace       used 42216K, capacity 42858K, committed 43304K, reserved 1087488K
  class space    used 5138K, capacity 5320K, committed 5424K, reserved 1048576K
Event: 10.816 GC heap after
Heap after GC invocations=12 (full 2):
 PSYoungGen      total 98304K, used 17390K [0x00000000eb400000, 0x00000000f3000000, 0x0000000100000000)
  eden space 80896K, 0% used [0x00000000eb400000,0x00000000eb400000,0x00000000f0300000)
  from space 17408K, 99% used [0x00000000f1780000,0x00000000f287b828,0x00000000f2880000)
  to   space 20992K, 0% used [0x00000000f0300000,0x00000000f0300000,0x00000000f1780000)
 ParOldGen       total 70656K, used 23579K [0x00000000c1c00000, 0x00000000c6100000, 0x00000000eb400000)
  object space 70656K, 33% used [0x00000000c1c00000,0x00000000c3306c48,0x00000000c6100000)
 Metaspace       used 42216K, capacity 42858K, committed 43304K, reserved 1087488K
  class space    used 5138K, capacity 5320K, committed 5424K, reserved 1048576K
}

