# JRE version: OpenJDK Runtime Environment (8.0_242-b01) (build 1.8.0_242-release-1644-b01)
# Java VM: OpenJDK 64-Bit Server VM (25.242-b01 mixed mode windows-amd64 compressed oops)
Heap:
 PSYoungGen      total 62976K, used 44405K [0x00000000eb400000, 0x00000000f1200000, 0x0000000100000000)
  eden space 47104K, 94% used [0x00000000eb400000,0x00000000edf5d570,0x00000000ee200000)
  from space 15872K, 0% used [0x00000000ee200000,0x00000000ee200000,0x00000000ef180000)
  to   space 14848K, 0% used [0x00000000f0380000,0x00000000f0380000,0x00000000f1200000)
 ParOldGen       total 56832K, used 19467K [0x00000000c1c00000, 0x00000000c5380000, 0x00000000eb400000)
  object space 56832K, 34% used [0x00000000c1c00000,0x00000000c2f02d40,0x00000000c5380000)
 Metaspace       used 37462K, capacity 38054K, committed 38184K, reserved 1083392K
  class space    used 4739K, capacity 4892K, committed 4912K, reserved 1048576K
GC Heap History (10 events):
Event: 12.486 GC heap before
{Heap before GC invocations=7 (full 1):
 PSYoungGen      total 34304K, used 31744K [0x00000000eb400000, 0x00000000ee300000, 0x0000000100000000)
  eden space 31744K, 100% used [0x00000000eb400000,0x00000000ed300000,0x00000000ed300000)
  from space 2560K, 0% used [0x00000000ed400000,0x00000000ed400000,0x00000000ed680000)
  to   space 8192K, 0% used [0x00000000edb00000,0x00000000edb00000,0x00000000ee300000)
 ParOldGen       total 36864K, used 9412K [0x00000000c1c00000, 0x00000000c4000000, 0x00000000eb400000)
  object space 36864K, 25% used [0x00000000c1c00000,0x00000000c2531070,0x00000000c4000000)
 Metaspace       used 21996K, capacity 22441K, committed 22576K, reserved 1069056K
  class space    used 2609K, capacity 2768K, committed 2864K, reserved 1048576K
Event: 12.492 GC heap after
Heap after GC invocations=7 (full 1):
 PSYoungGen      total 39424K, used 6572K [0x00000000eb400000, 0x00000000ef880000, 0x0000000100000000)
  eden space 31232K, 0% used [0x00000000eb400000,0x00000000eb400000,0x00000000ed280000)
  from space 8192K, 80% used [0x00000000edb00000,0x00000000ee16b258,0x00000000ee300000)
  to   space 8704K, 0% used [0x00000000ed280000,0x00000000ed280000,0x00000000edb00000)
 ParOldGen       total 36864K, used 9420K [0x00000000c1c00000, 0x00000000c4000000, 0x00000000eb400000)
  object space 36864K, 25% used [0x00000000c1c00000,0x00000000c2533070,0x00000000c4000000)
 Metaspace       used 21996K, capacity 22441K, committed 22576K, reserved 1069056K
  class space    used 2609K, capacity 2768K, committed 2864K, reserved 1048576K
}
Event: 14.253 GC heap before
{Heap before GC invocations=8 (full 1):
 PSYoungGen      total 39424K, used 37804K [0x00000000eb400000, 0x00000000ef880000, 0x0000000100000000)
  eden space 31232K, 100% used [0x00000000eb400000,0x00000000ed280000,0x00000000ed280000)
  from space 8192K, 80% used [0x00000000edb00000,0x00000000ee16b258,0x00000000ee300000)
  to   space 8704K, 0% used [0x00000000ed280000,0x00000000ed280000,0x00000000edb00000)
 ParOldGen       total 36864K, used 9420K [0x00000000c1c00000, 0x00000000c4000000, 0x00000000eb400000)
  object space 36864K, 25% used [0x00000000c1c00000,0x00000000c2533070,0x00000000c4000000)
 Metaspace       used 26742K, capacity 27172K, committed 27440K, reserved 1073152K
  class space    used 3166K, capacity 3317K, committed 3376K, reserved 1048576K
Event: 14.260 GC heap after
Heap after GC invocations=8 (full 1):
 PSYoungGen      total 39936K, used 8694K [0x00000000eb400000, 0x00000000efd00000, 0x0000000100000000)
  eden space 31232K, 0% used [0x00000000eb400000,0x00000000eb400000,0x00000000ed280000)
  from space 8704K, 99% used [0x00000000ed280000,0x00000000edafdb90,0x00000000edb00000)
  to   space 11776K, 0% used [0x00000000ef180000,0x00000000ef180000,0x00000000efd00000)
 ParOldGen       total 36864K, used 14082K [0x00000000c1c00000, 0x00000000c4000000, 0x00000000eb400000)
  object space 36864K, 38% used [0x00000000c1c00000,0x00000000c29c0858,0x00000000c4000000)
 Metaspace       used 26742K, capacity 27172K, committed 27440K, reserved 1073152K
  class space    used 3166K, capacity 3317K, committed 3376K, reserved 1048576K
}
Event: 15.216 GC heap before
{Heap before GC invocations=9 (full 1):
 PSYoungGen      total 39936K, used 39926K [0x00000000eb400000, 0x00000000efd00000, 0x0000000100000000)
  eden space 31232K, 100% used [0x00000000eb400000,0x00000000ed280000,0x00000000ed280000)
  from space 8704K, 99% used [0x00000000ed280000,0x00000000edafdb90,0x00000000edb00000)
  to   space 11776K, 0% used [0x00000000ef180000,0x00000000ef180000,0x00000000efd00000)
 ParOldGen       total 36864K, used 14082K [0x00000000c1c00000, 0x00000000c4000000, 0x00000000eb400000)
  object space 36864K, 38% used [0x00000000c1c00000,0x00000000c29c0858,0x00000000c4000000)
 Metaspace       used 32169K, capacity 32630K, committed 32944K, reserved 1077248K
  class space    used 4064K, capacity 4216K, committed 4272K, reserved 1048576K
Event: 15.226 GC heap after
Heap after GC invocations=9 (full 1):
 PSYoungGen      total 58880K, used 11752K [0x00000000eb400000, 0x00000000f0600000, 0x0000000100000000)
  eden space 47104K, 0% used [0x00000000eb400000,0x00000000eb400000,0x00000000ee200000)
  from space 11776K, 99% used [0x00000000ef180000,0x00000000efcfa140,0x00000000efd00000)
  to   space 15872K, 0% used [0x00000000ee200000,0x00000000ee200000,0x00000000ef180000)
 ParOldGen       total 36864K, used 19075K [0x00000000c1c00000, 0x00000000c4000000, 0x00000000eb400000)
  object space 36864K, 51% used [0x00000000c1c00000,0x00000000c2ea0d18,0x00000000c4000000)
 Metaspace       used 32169K, capacity 32630K, committed 32944K, reserved 1077248K
  class space    used 4064K, capacity 4216K, committed 4272K, reserved 1048576K
}
Event: 16.390 GC heap before
{Heap before GC invocations=10 (full 1):
 PSYoungGen      total 58880K, used 22486K [0x00000000eb400000, 0x00000000f0600000, 0x0000000100000000)
  eden space 47104K, 22% used [0x00000000eb400000,0x00000000ebe7b810,0x00000000ee200000)
  from space 11776K, 99% used [0x00000000ef180000,0x00000000efcfa140,0x00000000efd00000)
  to   space 15872K, 0% used [0x00000000ee200000,0x00000000ee200000,0x00000000ef180000)
 ParOldGen       total 36864K, used 19075K [0x00000000c1c00000, 0x00000000c4000000, 0x00000000eb400000)
  object space 36864K, 51% used [0x00000000c1c00000,0x00000000c2ea0d18,0x00000000c4000000)
 Metaspace       used 34718K, capacity 35232K, committed 35496K, reserved 1081344K
  class space    used 4395K, capacity 4519K, committed 4528K, reserved 1048576K
Event: 16.399 GC heap after
Heap after GC invocations=10 (full 1):
 PSYoungGen      total 62976K, used 8481K [0x00000000eb400000, 0x00000000f1200000, 0x0000000100000000)
  eden space 47104K, 0% used [0x00000000eb400000,0x00000000eb400000,0x00000000ee200000)
  from space 15872K, 53% used [0x00000000ee200000,0x00000000eea485b8,0x00000000ef180000)
  to   space 14848K, 0% used [0x00000000f0380000,0x00000000f0380000,0x00000000f1200000)
 ParOldGen       total 36864K, used 24548K [0x00000000c1c00000, 0x00000000c4000000, 0x00000000eb400000)
  object space 36864K, 66% used [0x00000000c1c00000,0x00000000c33f9080,0x00000000c4000000)
 Metaspace       used 34718K, capacity 35232K, committed 35496K, reserved 1081344K
  class space    used 4395K, capacity 4519K, committed 4528K, reserved 1048576K
}
Event: 16.399 GC heap before
{Heap before GC invocations=11 (full 2):
 PSYoungGen      total 62976K, used 8481K [0x00000000eb400000, 0x00000000f1200000, 0x0000000100000000)
  eden space 47104K, 0% used [0x00000000eb400000,0x00000000eb400000,0x00000000ee200000)
  from space 15872K, 53% used [0x00000000ee200000,0x00000000eea485b8,0x00000000ef180000)
  to   space 14848K, 0% used [0x00000000f0380000,0x00000000f0380000,0x00000000f1200000)
 ParOldGen       total 36864K, used 24548K [0x00000000c1c00000, 0x00000000c4000000, 0x00000000eb400000)
  object space 36864K, 66% used [0x00000000c1c00000,0x00000000c33f9080,0x00000000c4000000)
 Metaspace       used 34718K, capacity 35232K, committed 35496K, reserved 1081344K
  class space    used 4395K, capacity 4519K, committed 4528K, reserved 1048576K
Event: 16.446 GC heap after
Heap after GC invocations=11 (full 2):
 PSYoungGen      total 62976K, used 0K [0x00000000eb400000, 0x00000000f1200000, 0x0000000100000000)
  eden space 47104K, 0% used [0x00000000eb400000,0x00000000eb400000,0x00000000ee200000)
  from space 15872K, 0% used [0x00000000ee200000,0x00000000ee200000,0x00000000ef180000)
  to   space 14848K, 0% used [0x00000000f0380000,0x00000000f0380000,0x00000000f1200000)
 ParOldGen       total 56832K, used 19467K [0x00000000c1c00000, 0x00000000c5380000, 0x00000000eb400000)
  object space 56832K, 34% used [0x00000000c1c00000,0x00000000c2f02d40,0x00000000c5380000)
 Metaspace       used 34718K, capacity 35232K, committed 35496K, reserved 1081344K
  class space    used 4395K, capacity 4519K, committed 4528K, reserved 1048576K
}

