# JRE version: OpenJDK Runtime Environment (8.0_242-b01) (build 1.8.0_242-release-1644-b01)
# Java VM: OpenJDK 64-Bit Server VM (25.242-b01 mixed mode windows-amd64 compressed oops)
Heap:
 PSYoungGen      total 63488K, used 17495K [0x00000000eb400000, 0x00000000f0400000, 0x0000000100000000)
  eden space 46592K, 14% used [0x00000000eb400000,0x00000000eba8a680,0x00000000ee180000)
  from space 16896K, 63% used [0x00000000ee180000,0x00000000eec0b7e0,0x00000000ef200000)
  to   space 16384K, 0% used [0x00000000ef200000,0x00000000ef200000,0x00000000f0200000)
 ParOldGen       total 60416K, used 35930K [0x00000000c1c00000, 0x00000000c5700000, 0x00000000eb400000)
  object space 60416K, 59% used [0x00000000c1c00000,0x00000000c3f16b68,0x00000000c5700000)
 Metaspace       used 50009K, capacity 50966K, committed 51112K, reserved 1093632K
  class space    used 6246K, capacity 6516K, committed 6576K, reserved 1048576K
GC Heap History (10 events):
Event: 42.703 GC heap before
{Heap before GC invocations=17 (full 2):
 PSYoungGen      total 40960K, used 31795K [0x00000000eb400000, 0x00000000eea00000, 0x0000000100000000)
  eden space 26624K, 100% used [0x00000000eb400000,0x00000000ece00000,0x00000000ece00000)
  from space 14336K, 36% used [0x00000000edc00000,0x00000000ee10ce00,0x00000000eea00000)
  to   space 14336K, 0% used [0x00000000ece00000,0x00000000ece00000,0x00000000edc00000)
 ParOldGen       total 60416K, used 18326K [0x00000000c1c00000, 0x00000000c5700000, 0x00000000eb400000)
  object space 60416K, 30% used [0x00000000c1c00000,0x00000000c2de5838,0x00000000c5700000)
 Metaspace       used 37818K, capacity 38432K, committed 38824K, reserved 1083392K
  class space    used 4786K, capacity 4931K, committed 5040K, reserved 1048576K
Event: 42.706 GC heap after
Heap after GC invocations=17 (full 2):
 PSYoungGen      total 40960K, used 4394K [0x00000000eb400000, 0x00000000ef480000, 0x0000000100000000)
  eden space 26624K, 0% used [0x00000000eb400000,0x00000000eb400000,0x00000000ece00000)
  from space 14336K, 30% used [0x00000000ece00000,0x00000000ed24a820,0x00000000edc00000)
  to   space 14336K, 0% used [0x00000000ee680000,0x00000000ee680000,0x00000000ef480000)
 ParOldGen       total 60416K, used 18334K [0x00000000c1c00000, 0x00000000c5700000, 0x00000000eb400000)
  object space 60416K, 30% used [0x00000000c1c00000,0x00000000c2de7838,0x00000000c5700000)
 Metaspace       used 37818K, capacity 38432K, committed 38824K, reserved 1083392K
  class space    used 4786K, capacity 4931K, committed 5040K, reserved 1048576K
}
Event: 43.535 GC heap before
{Heap before GC invocations=18 (full 2):
 PSYoungGen      total 40960K, used 31018K [0x00000000eb400000, 0x00000000ef480000, 0x0000000100000000)
  eden space 26624K, 100% used [0x00000000eb400000,0x00000000ece00000,0x00000000ece00000)
  from space 14336K, 30% used [0x00000000ece00000,0x00000000ed24a820,0x00000000edc00000)
  to   space 14336K, 0% used [0x00000000ee680000,0x00000000ee680000,0x00000000ef480000)
 ParOldGen       total 60416K, used 18334K [0x00000000c1c00000, 0x00000000c5700000, 0x00000000eb400000)
  object space 60416K, 30% used [0x00000000c1c00000,0x00000000c2de7838,0x00000000c5700000)
 Metaspace       used 39509K, capacity 40096K, committed 40488K, reserved 1085440K
  class space    used 4966K, capacity 5099K, committed 5168K, reserved 1048576K
Event: 43.542 GC heap after
Heap after GC invocations=18 (full 2):
 PSYoungGen      total 51200K, used 9691K [0x00000000eb400000, 0x00000000ef580000, 0x0000000100000000)
  eden space 36864K, 0% used [0x00000000eb400000,0x00000000eb400000,0x00000000ed800000)
  from space 14336K, 67% used [0x00000000ee680000,0x00000000eeff6f68,0x00000000ef480000)
  to   space 14848K, 0% used [0x00000000ed800000,0x00000000ed800000,0x00000000ee680000)
 ParOldGen       total 60416K, used 18342K [0x00000000c1c00000, 0x00000000c5700000, 0x00000000eb400000)
  object space 60416K, 30% used [0x00000000c1c00000,0x00000000c2de9838,0x00000000c5700000)
 Metaspace       used 39509K, capacity 40096K, committed 40488K, reserved 1085440K
  class space    used 4966K, capacity 5099K, committed 5168K, reserved 1048576K
}
Event: 44.878 GC heap before
{Heap before GC invocations=19 (full 2):
 PSYoungGen      total 51200K, used 46555K [0x00000000eb400000, 0x00000000ef580000, 0x0000000100000000)
  eden space 36864K, 100% used [0x00000000eb400000,0x00000000ed800000,0x00000000ed800000)
  from space 14336K, 67% used [0x00000000ee680000,0x00000000eeff6f68,0x00000000ef480000)
  to   space 14848K, 0% used [0x00000000ed800000,0x00000000ed800000,0x00000000ee680000)
 ParOldGen       total 60416K, used 18342K [0x00000000c1c00000, 0x00000000c5700000, 0x00000000eb400000)
  object space 60416K, 30% used [0x00000000c1c00000,0x00000000c2de9838,0x00000000c5700000)
 Metaspace       used 41964K, capacity 42656K, committed 43048K, reserved 1087488K
  class space    used 5128K, capacity 5315K, committed 5424K, reserved 1048576K
Event: 44.895 GC heap after
Heap after GC invocations=19 (full 2):
 PSYoungGen      total 51712K, used 13741K [0x00000000eb400000, 0x00000000f0200000, 0x0000000100000000)
  eden space 36864K, 0% used [0x00000000eb400000,0x00000000eb400000,0x00000000ed800000)
  from space 14848K, 92% used [0x00000000ed800000,0x00000000ee56b768,0x00000000ee680000)
  to   space 16384K, 0% used [0x00000000ef200000,0x00000000ef200000,0x00000000f0200000)
 ParOldGen       total 60416K, used 20468K [0x00000000c1c00000, 0x00000000c5700000, 0x00000000eb400000)
  object space 60416K, 33% used [0x00000000c1c00000,0x00000000c2ffd238,0x00000000c5700000)
 Metaspace       used 41964K, capacity 42656K, committed 43048K, reserved 1087488K
  class space    used 5128K, capacity 5315K, committed 5424K, reserved 1048576K
}
Event: 45.533 GC heap before
{Heap before GC invocations=20 (full 2):
 PSYoungGen      total 51712K, used 50605K [0x00000000eb400000, 0x00000000f0200000, 0x0000000100000000)
  eden space 36864K, 100% used [0x00000000eb400000,0x00000000ed800000,0x00000000ed800000)
  from space 14848K, 92% used [0x00000000ed800000,0x00000000ee56b768,0x00000000ee680000)
  to   space 16384K, 0% used [0x00000000ef200000,0x00000000ef200000,0x00000000f0200000)
 ParOldGen       total 60416K, used 20468K [0x00000000c1c00000, 0x00000000c5700000, 0x00000000eb400000)
  object space 60416K, 33% used [0x00000000c1c00000,0x00000000c2ffd238,0x00000000c5700000)
 Metaspace       used 42615K, capacity 43326K, committed 43560K, reserved 1087488K
  class space    used 5174K, capacity 5358K, committed 5424K, reserved 1048576K
Event: 45.546 GC heap after
Heap after GC invocations=20 (full 2):
 PSYoungGen      total 62976K, used 11951K [0x00000000eb400000, 0x00000000f0400000, 0x0000000100000000)
  eden space 46592K, 0% used [0x00000000eb400000,0x00000000eb400000,0x00000000ee180000)
  from space 16384K, 72% used [0x00000000ef200000,0x00000000efdabca0,0x00000000f0200000)
  to   space 16896K, 0% used [0x00000000ee180000,0x00000000ee180000,0x00000000ef200000)
 ParOldGen       total 60416K, used 25087K [0x00000000c1c00000, 0x00000000c5700000, 0x00000000eb400000)
  object space 60416K, 41% used [0x00000000c1c00000,0x00000000c347ff78,0x00000000c5700000)
 Metaspace       used 42615K, capacity 43326K, committed 43560K, reserved 1087488K
  class space    used 5174K, capacity 5358K, committed 5424K, reserved 1048576K
}
Event: 47.271 GC heap before
{Heap before GC invocations=21 (full 2):
 PSYoungGen      total 62976K, used 58543K [0x00000000eb400000, 0x00000000f0400000, 0x0000000100000000)
  eden space 46592K, 100% used [0x00000000eb400000,0x00000000ee180000,0x00000000ee180000)
  from space 16384K, 72% used [0x00000000ef200000,0x00000000efdabca0,0x00000000f0200000)
  to   space 16896K, 0% used [0x00000000ee180000,0x00000000ee180000,0x00000000ef200000)
 ParOldGen       total 60416K, used 25087K [0x00000000c1c00000, 0x00000000c5700000, 0x00000000eb400000)
  object space 60416K, 41% used [0x00000000c1c00000,0x00000000c347ff78,0x00000000c5700000)
 Metaspace       used 49767K, capacity 50678K, committed 50856K, reserved 1093632K
  class space    used 6231K, capacity 6484K, committed 6576K, reserved 1048576K
Event: 47.287 GC heap after
Heap after GC invocations=21 (full 2):
 PSYoungGen      total 63488K, used 10797K [0x00000000eb400000, 0x00000000f0400000, 0x0000000100000000)
  eden space 46592K, 0% used [0x00000000eb400000,0x00000000eb400000,0x00000000ee180000)
  from space 16896K, 63% used [0x00000000ee180000,0x00000000eec0b7e0,0x00000000ef200000)
  to   space 16384K, 0% used [0x00000000ef200000,0x00000000ef200000,0x00000000f0200000)
 ParOldGen       total 60416K, used 35930K [0x00000000c1c00000, 0x00000000c5700000, 0x00000000eb400000)
  object space 60416K, 59% used [0x00000000c1c00000,0x00000000c3f16b68,0x00000000c5700000)
 Metaspace       used 49767K, capacity 50678K, committed 50856K, reserved 1093632K
  class space    used 6231K, capacity 6484K, committed 6576K, reserved 1048576K
}

