# JRE version: OpenJDK Runtime Environment (8.0_242-b01) (build 1.8.0_242-release-1644-b01)
# Java VM: OpenJDK 64-Bit Server VM (25.242-b01 mixed mode windows-amd64 compressed oops)
Heap:
 PSYoungGen      total 104960K, used 33453K [0x00000000eb400000, 0x00000000f4f80000, 0x0000000100000000)
  eden space 86528K, 38% used [0x00000000eb400000,0x00000000ed4ab6c0,0x00000000f0880000)
  from space 18432K, 0% used [0x00000000f3d80000,0x00000000f3d80000,0x00000000f4f80000)
  to   space 29184K, 0% used [0x00000000f1680000,0x00000000f1680000,0x00000000f3300000)
 ParOldGen       total 65536K, used 52367K [0x00000000c1c00000, 0x00000000c5c00000, 0x00000000eb400000)
  object space 65536K, 79% used [0x00000000c1c00000,0x00000000c4f23c78,0x00000000c5c00000)
 Metaspace       used 60591K, capacity 61836K, committed 62120K, reserved 1103872K
  class space    used 7206K, capacity 7511K, committed 7600K, reserved 1048576K
GC Heap History (10 events):
Event: 13.080 GC heap before
{Heap before GC invocations=11 (full 2):
 PSYoungGen      total 83968K, used 69632K [0x00000000eb400000, 0x00000000f3180000, 0x0000000100000000)
  eden space 69632K, 100% used [0x00000000eb400000,0x00000000ef800000,0x00000000ef800000)
  from space 14336K, 0% used [0x00000000f0880000,0x00000000f0880000,0x00000000f1680000)
  to   space 16896K, 0% used [0x00000000ef800000,0x00000000ef800000,0x00000000f0880000)
 ParOldGen       total 65536K, used 21456K [0x00000000c1c00000, 0x00000000c5c00000, 0x00000000eb400000)
  object space 65536K, 32% used [0x00000000c1c00000,0x00000000c30f4250,0x00000000c5c00000)
 Metaspace       used 39083K, capacity 39690K, committed 39976K, reserved 1083392K
  class space    used 4906K, capacity 5068K, committed 5168K, reserved 1048576K
Event: 13.090 GC heap after
Heap after GC invocations=11 (full 2):
 PSYoungGen      total 86528K, used 12797K [0x00000000eb400000, 0x00000000f3180000, 0x0000000100000000)
  eden space 69632K, 0% used [0x00000000eb400000,0x00000000eb400000,0x00000000ef800000)
  from space 16896K, 75% used [0x00000000ef800000,0x00000000f047f6c0,0x00000000f0880000)
  to   space 17920K, 0% used [0x00000000f2000000,0x00000000f2000000,0x00000000f3180000)
 ParOldGen       total 65536K, used 21464K [0x00000000c1c00000, 0x00000000c5c00000, 0x00000000eb400000)
  object space 65536K, 32% used [0x00000000c1c00000,0x00000000c30f6250,0x00000000c5c00000)
 Metaspace       used 39083K, capacity 39690K, committed 39976K, reserved 1083392K
  class space    used 4906K, capacity 5068K, committed 5168K, reserved 1048576K
}
Event: 26.355 GC heap before
{Heap before GC invocations=12 (full 2):
 PSYoungGen      total 86528K, used 82429K [0x00000000eb400000, 0x00000000f3180000, 0x0000000100000000)
  eden space 69632K, 100% used [0x00000000eb400000,0x00000000ef800000,0x00000000ef800000)
  from space 16896K, 75% used [0x00000000ef800000,0x00000000f047f6c0,0x00000000f0880000)
  to   space 17920K, 0% used [0x00000000f2000000,0x00000000f2000000,0x00000000f3180000)
 ParOldGen       total 65536K, used 21464K [0x00000000c1c00000, 0x00000000c5c00000, 0x00000000eb400000)
  object space 65536K, 32% used [0x00000000c1c00000,0x00000000c30f6250,0x00000000c5c00000)
 Metaspace       used 42346K, capacity 43028K, committed 43304K, reserved 1087488K
  class space    used 5152K, capacity 5353K, committed 5424K, reserved 1048576K
Event: 26.369 GC heap after
Heap after GC invocations=12 (full 2):
 PSYoungGen      total 107520K, used 17896K [0x00000000eb400000, 0x00000000f3500000, 0x0000000100000000)
  eden space 89600K, 0% used [0x00000000eb400000,0x00000000eb400000,0x00000000f0b80000)
  from space 17920K, 99% used [0x00000000f2000000,0x00000000f317a148,0x00000000f3180000)
  to   space 20992K, 0% used [0x00000000f0b80000,0x00000000f0b80000,0x00000000f2000000)
 ParOldGen       total 65536K, used 23327K [0x00000000c1c00000, 0x00000000c5c00000, 0x00000000eb400000)
  object space 65536K, 35% used [0x00000000c1c00000,0x00000000c32c7f60,0x00000000c5c00000)
 Metaspace       used 42346K, capacity 43028K, committed 43304K, reserved 1087488K
  class space    used 5152K, capacity 5353K, committed 5424K, reserved 1048576K
}
Event: 89.698 GC heap before
{Heap before GC invocations=13 (full 2):
 PSYoungGen      total 107520K, used 107496K [0x00000000eb400000, 0x00000000f3500000, 0x0000000100000000)
  eden space 89600K, 100% used [0x00000000eb400000,0x00000000f0b80000,0x00000000f0b80000)
  from space 17920K, 99% used [0x00000000f2000000,0x00000000f317a148,0x00000000f3180000)
  to   space 20992K, 0% used [0x00000000f0b80000,0x00000000f0b80000,0x00000000f2000000)
 ParOldGen       total 65536K, used 23327K [0x00000000c1c00000, 0x00000000c5c00000, 0x00000000eb400000)
  object space 65536K, 35% used [0x00000000c1c00000,0x00000000c32c7f60,0x00000000c5c00000)
 Metaspace       used 52720K, capacity 53878K, committed 53928K, reserved 1095680K
  class space    used 6478K, capacity 6782K, committed 6832K, reserved 1048576K
Event: 89.720 GC heap after
Heap after GC invocations=13 (full 2):
 PSYoungGen      total 110592K, used 20965K [0x00000000eb400000, 0x00000000f5980000, 0x0000000100000000)
  eden space 89600K, 0% used [0x00000000eb400000,0x00000000eb400000,0x00000000f0b80000)
  from space 20992K, 99% used [0x00000000f0b80000,0x00000000f1ff9768,0x00000000f2000000)
  to   space 28672K, 0% used [0x00000000f3d80000,0x00000000f3d80000,0x00000000f5980000)
 ParOldGen       total 65536K, used 35916K [0x00000000c1c00000, 0x00000000c5c00000, 0x00000000eb400000)
  object space 65536K, 54% used [0x00000000c1c00000,0x00000000c3f131a8,0x00000000c5c00000)
 Metaspace       used 52720K, capacity 53878K, committed 53928K, reserved 1095680K
  class space    used 6478K, capacity 6782K, committed 6832K, reserved 1048576K
}
Event: 128.124 GC heap before
{Heap before GC invocations=14 (full 2):
 PSYoungGen      total 110592K, used 86211K [0x00000000eb400000, 0x00000000f5980000, 0x0000000100000000)
  eden space 89600K, 72% used [0x00000000eb400000,0x00000000ef3b74a0,0x00000000f0b80000)
  from space 20992K, 99% used [0x00000000f0b80000,0x00000000f1ff9768,0x00000000f2000000)
  to   space 28672K, 0% used [0x00000000f3d80000,0x00000000f3d80000,0x00000000f5980000)
 ParOldGen       total 65536K, used 35916K [0x00000000c1c00000, 0x00000000c5c00000, 0x00000000eb400000)
  object space 65536K, 54% used [0x00000000c1c00000,0x00000000c3f131a8,0x00000000c5c00000)
 Metaspace       used 57894K, capacity 58968K, committed 59160K, reserved 1101824K
  class space    used 6977K, capacity 7273K, committed 7344K, reserved 1048576K
Event: 128.149 GC heap after
Heap after GC invocations=14 (full 2):
 PSYoungGen      total 104960K, used 17975K [0x00000000eb400000, 0x00000000f4f80000, 0x0000000100000000)
  eden space 86528K, 0% used [0x00000000eb400000,0x00000000eb400000,0x00000000f0880000)
  from space 18432K, 97% used [0x00000000f3d80000,0x00000000f4f0dc90,0x00000000f4f80000)
  to   space 29184K, 0% used [0x00000000f1680000,0x00000000f1680000,0x00000000f3300000)
 ParOldGen       total 65536K, used 49382K [0x00000000c1c00000, 0x00000000c5c00000, 0x00000000eb400000)
  object space 65536K, 75% used [0x00000000c1c00000,0x00000000c4c39b08,0x00000000c5c00000)
 Metaspace       used 57894K, capacity 58968K, committed 59160K, reserved 1101824K
  class space    used 6977K, capacity 7273K, committed 7344K, reserved 1048576K
}
Event: 128.378 GC heap before
{Heap before GC invocations=15 (full 3):
 PSYoungGen      total 104960K, used 17975K [0x00000000eb400000, 0x00000000f4f80000, 0x0000000100000000)
  eden space 86528K, 0% used [0x00000000eb400000,0x00000000eb400000,0x00000000f0880000)
  from space 18432K, 97% used [0x00000000f3d80000,0x00000000f4f0dc90,0x00000000f4f80000)
  to   space 29184K, 0% used [0x00000000f1680000,0x00000000f1680000,0x00000000f3300000)
 ParOldGen       total 65536K, used 49382K [0x00000000c1c00000, 0x00000000c5c00000, 0x00000000eb400000)
  object space 65536K, 75% used [0x00000000c1c00000,0x00000000c4c39b08,0x00000000c5c00000)
 Metaspace       used 57894K, capacity 58968K, committed 59160K, reserved 1101824K
  class space    used 6977K, capacity 7273K, committed 7344K, reserved 1048576K
Event: 129.048 GC heap after
Heap after GC invocations=15 (full 3):
 PSYoungGen      total 104960K, used 0K [0x00000000eb400000, 0x00000000f4f80000, 0x0000000100000000)
  eden space 86528K, 0% used [0x00000000eb400000,0x00000000eb400000,0x00000000f0880000)
  from space 18432K, 0% used [0x00000000f3d80000,0x00000000f3d80000,0x00000000f4f80000)
  to   space 29184K, 0% used [0x00000000f1680000,0x00000000f1680000,0x00000000f3300000)
 ParOldGen       total 65536K, used 52367K [0x00000000c1c00000, 0x00000000c5c00000, 0x00000000eb400000)
  object space 65536K, 79% used [0x00000000c1c00000,0x00000000c4f23c78,0x00000000c5c00000)
 Metaspace       used 57894K, capacity 58968K, committed 59160K, reserved 1101824K
  class space    used 6977K, capacity 7273K, committed 7344K, reserved 1048576K
}

